<?xml version="1.0" encoding="UTF-8"?>
<testsuite name="SimpleTest" tests="3" skipped="0" failures="0" errors="0" timestamp="2023-01-12T15:23:20" hostname="ni-tqi002423" time="0.018">
  <properties/>
  <testcase name="my factorial test 1()" classname="SimpleTest" time="0.017"/>
  <testcase name="my factorial test 2()" classname="SimpleTest" time="0.001"/>
  <testcase name="my factorial test 3()" classname="SimpleTest" time="0.0"/>
  <system-out><![CDATA[]]></system-out>
  <system-err><![CDATA[]]></system-err>
</testsuite>
